c:\projects\shmuptake1\gamefleadhprototypeone\debug\vc140.pdb
c:\projects\shmuptake1\gamefleadhprototypeone\debug\vc140.idb
c:\projects\shmuptake1\gamefleadhprototypeone\debug\bullet.obj
c:\projects\shmuptake1\gamefleadhprototypeone\debug\main.obj
c:\projects\shmuptake1\gamefleadhprototypeone\debug\player.obj
c:\projects\shmuptake1\gamefleadhprototypeone\debug\vc141.pdb
c:\projects\shmuptake1\gamefleadhprototypeone\debug\vc141.idb
c:\projects\shmuptake1\gamefleadhprototypeone\debug\game.obj
c:\projects\shmuptake1\gamefleadhprototypeone\debug\mymatrix3.obj
c:\projects\shmuptake1\gamefleadhprototypeone\debug\myvector3d.obj
c:\projects\shmuptake1\gamefleadhprototypeone\debug\vectortests.obj
c:\projects\shmuptake1\debug\gamefleadhprototypeone.pdb
c:\projects\shmuptake1\gamefleadhprototypeone\debug\gameflea.97e91a37.tlog\cl.command.1.tlog
c:\projects\shmuptake1\gamefleadhprototypeone\debug\gameflea.97e91a37.tlog\cl.read.1.tlog
c:\projects\shmuptake1\gamefleadhprototypeone\debug\gameflea.97e91a37.tlog\cl.write.1.tlog
c:\projects\shmuptake1\gamefleadhprototypeone\debug\gameflea.97e91a37.tlog\link-cvtres.read.1.tlog
c:\projects\shmuptake1\gamefleadhprototypeone\debug\gameflea.97e91a37.tlog\link-cvtres.write.1.tlog
c:\projects\shmuptake1\gamefleadhprototypeone\debug\gameflea.97e91a37.tlog\link-rc.read.1.tlog
c:\projects\shmuptake1\gamefleadhprototypeone\debug\gameflea.97e91a37.tlog\link-rc.write.1.tlog
c:\projects\shmuptake1\gamefleadhprototypeone\debug\gameflea.97e91a37.tlog\link.12728-cvtres.read.1.tlog
c:\projects\shmuptake1\gamefleadhprototypeone\debug\gameflea.97e91a37.tlog\link.12728-cvtres.write.1.tlog
c:\projects\shmuptake1\gamefleadhprototypeone\debug\gameflea.97e91a37.tlog\link.12728-rc.read.1.tlog
c:\projects\shmuptake1\gamefleadhprototypeone\debug\gameflea.97e91a37.tlog\link.12728-rc.write.1.tlog
c:\projects\shmuptake1\gamefleadhprototypeone\debug\gameflea.97e91a37.tlog\link.12728.read.1.tlog
c:\projects\shmuptake1\gamefleadhprototypeone\debug\gameflea.97e91a37.tlog\link.12728.write.1.tlog
c:\projects\shmuptake1\gamefleadhprototypeone\debug\gameflea.97e91a37.tlog\link.command.1.tlog
c:\projects\shmuptake1\gamefleadhprototypeone\debug\gameflea.97e91a37.tlog\link.read.1.tlog
c:\projects\shmuptake1\gamefleadhprototypeone\debug\gameflea.97e91a37.tlog\link.write.1.tlog
